~~~
<div id="136edd82-aa3a-42e7-af5d-051bcd7475ce" data-jscall-id="108" style="visibility: hidden;">
  <div data-jscall-id="103">slider 1: 
    <input step="1" max="100" min="1" data-jscall-id="104" value="1" oninput="JSServe.update_obs('13358906274654383279', parseFloat(value))" type="range" />
    <p data-jscall-id="102">1</p>
  </div>
  <script data-jscall-id="105" type="text/javascript">
    window.__define = window.define;
    window.__require = window.require;
    window.define = undefined;
    window.require = undefined;

</script>
  <script data-jscall-id="106" type="text/javascript">
    window.define = window.__define;
    window.require = window.__require;
    window.__define = undefined;
    window.__require = undefined;

</script>
  <script data-jscall-id="107" type="text/javascript">
(()=> {
    JSServe.register_sub_session('136edd82-aa3a-42e7-af5d-051bcd7475ce')
    const init_data_b64 = 'H4sIAAAAAAAAA8WUzY7TMBSFxbZP4V2m0rQT/+SnSMMChgWVYEBlh5DlxrfFkNhR4nQaITZljQRbdoA0ZT88BK/A2+BJhxRQNRXtSGTlyPde+zsnOYtlLurUCPnx7a/Vrc9KfsOUBvHAD0nEwoDRmJJo8DUrp9zWOXwK2uLFBecvxUyUSaFy2+xyfj4c3TMS2prz0lRFAj++F2CrQqNJpROrjEZG8yqXwsKBhjM+E2kFXfS6g9xzdKS0hSI3qbBKT5GZoJPTh0i7uSUSWiJjX0CBhlWqBGo6S3RmilcoM6VNayRKBPMcEgvydjMwMbq0KOeQQgbaomPEObhG7jYszC3nz/znTWVb01daQ/HUbbrq9oadN53lVc+HjfjLE5M9+o3/C/bJdk3xHwZc0JhQHPgMk5iEjIaE0E36y2ZwFIUsjOJB4EcxowMWB2xT8cpZP/IDHOMAYz+g7hqYxns7+/jK2Uag4ztoOBpBMYP+yl1+6RoX1hZqXDmzNwh/iLzSQu4drkZ0/1lhtlU0vBva6Q2gZWK+H9kWi/8nmtL7ol37Qe6I9uQG0JrefeGu/+cXO8G9W+eZyPNUJeIyTbk0mcspaZKqCa8p2PurHLtbP5AHHqYhSBmTnhBU9BiBqCcmgew58ceJjFgUJOB1mwT8a2q/tHUK/Zkq1VilytbuGK95S8Frw/D9mousl4OfvpEoqmIGAAA='
    JSServe.init_from_b64(init_data_b64)
    if (!true){
        JSServe.update_obs('5769144187149689587', true)
    }
})()
</script>
</div>
~~~
