~~~
<div id="b2db0f42-ded9-4218-9ce6-a34fe7762362" data-jscall-id="108" style="visibility: hidden;">
  <div data-jscall-id="103">slider 1: 
    <input step="1" max="100" min="1" data-jscall-id="104" value="1" oninput="JSServe.update_obs('16267492104725625230', parseFloat(value))" type="range" />
    <p data-jscall-id="102">1</p>
  </div>
  <script data-jscall-id="105" type="text/javascript">
    window.__define = window.define;
    window.__require = window.require;
    window.define = undefined;
    window.require = undefined;

</script>
  <script data-jscall-id="106" type="text/javascript">
    window.define = window.__define;
    window.require = window.__require;
    window.__define = undefined;
    window.__require = undefined;

</script>
  <script data-jscall-id="107" type="text/javascript">
(()=> {
    JSServe.register_sub_session('b2db0f42-ded9-4218-9ce6-a34fe7762362')
    const init_data_b64 = 'H4sIAAAAAAAAA8VUy47TMBQV236Fd5lK007ivJGGBQwLKsGAyg4hy41vi8Gxo9jpNBqxKWsk2LIDpClrykfwC/wNbjq0gMpU045ENrnRPfc4557kTGcFrYWi7MObX9WtT5x98yIcxUGKPTeIcRjhEPvul1yPiKkL+BiuwNM5IS/pmOqs5IVpuoRc9Pr3FIMV5kKrqszgx/cSTFVKNKxkZriSSElSFYwaOJBwRsZUVNBG5y1kr6MjLg2UhRLUcDlCaohOTh8iaXk1opIhZV5AiXqV4BQ1kxqdqfIVypU2okZUI5gUkBlgtxvCTEltUEFAQA7SoGNECNhBYhsGJoaQZ+7zBrnCdLmUUD61TYtevWHrdWt2OfN+o/zZicof/ab/s+fi7Tv1/jDgK8Z+Ega+Z29JHGA33rh+ZqFznEZpiEMv9nEYY39RbcIuaOehG0b23DRKvDhxk/AfvNey9fGlrc12ju+gXr8P5Ri6S2vJwjJCjSn5oLJOb9j6IXK0gcI5XFK0r73eYNvGvN2Und6AspxO9hN2tb//UxmXeyq78mvcUdmTG1DWzO6nbdvfPt1J3Nt1ktGiEDyjixwlTOU2oZjKqia2RmDuLxPsbv2AHTgDzAbuMMAdBiztBNhLOmkGUYf6wRDiOMJ+hJ12k31/sXa1qQV0x1zzARfc1PYYp3kS4Kxi8N1aF16X6U+fnlpsXAYAAA=='
    JSServe.init_from_b64(init_data_b64)
    if (!true){
        JSServe.update_obs('8370208676334721816', true)
    }
})()
</script>
</div>
~~~
